#
# There is insufficient memory for the Java Runtime Environment to continue.
# Native memory allocation (mmap) failed to map 113246208 bytes for G1 virtual space
# Possible reasons:
#   The system is out of physical RAM or swap space
#   The process is running with CompressedOops enabled, and the Java Heap may be blocking the growth of the native heap
# Possible solutions:
#   Reduce memory load on the system
#   Increase physical memory or swap space
#   Check if swap backing store is full
#   Decrease Java heap size (-Xmx/-Xms)
#   Decrease number of Java threads
#   Decrease Java thread stack sizes (-Xss)
#   Set larger code cache with -XX:ReservedCodeCacheSize=
#   JVM is running with Zero Based Compressed Oops mode in which the Java heap is
#     placed in the first 32GB address space. The Java Heap base address is the
#     maximum limit for the native heap growth. Please use -XX:HeapBaseMinAddress
#     to set the Java Heap base and to place the Java Heap above 32GB virtual address.
# This output file may be truncated or incomplete.
#
#  Out of Memory Error (os_windows.cpp:3530), pid=104700, tid=38012
#
# JRE version: OpenJDK Runtime Environment Temurin-18.0.1+10 (18.0.1+10) (build 18.0.1+10)
# Java VM: OpenJDK 64-Bit Server VM Temurin-18.0.1+10 (18.0.1+10, mixed mode, tiered, compressed oops, compressed class ptrs, g1 gc, windows-amd64)
# No core dump will be written. Minidumps are not enabled by default on client versions of Windows
#

---------------  S U M M A R Y ------------

Command Line: --module-path=C:\Program Files\Java\javafx-sdk-20/lib --add-modules=javafx.controls,javafx.fxml -Dfile.encoding=UTF-8 -XX:+ShowCodeDetailsInExceptionMessages com.algomau.ca.Client

Host: AMD Ryzen 5 5600X 6-Core Processor             , 12 cores, 15G,  Windows 10 , 64 bit Build 19041 (10.0.19041.2546)
Time: Fri Mar 31 15:11:54 2023 Eastern Daylight Time elapsed time: 1525.478043 seconds (0d 0h 25m 25s)

---------------  T H R E A D  ---------------

Current thread (0x0000021215fa2860):  VMThread "VM Thread" [stack: 0x000000fe1b100000,0x000000fe1b200000] [id=38012]

Stack: [0x000000fe1b100000,0x000000fe1b200000]
Native frames: (J=compiled Java code, j=interpreted, Vv=VM code, C=native code)
V  [jvm.dll+0x69cd4a]
V  [jvm.dll+0x84b63d]
V  [jvm.dll+0x84cf4e]
V  [jvm.dll+0x84d603]
V  [jvm.dll+0x25f19f]
V  [jvm.dll+0x699bb9]
V  [jvm.dll+0x68e6ea]
V  [jvm.dll+0x324e1b]
V  [jvm.dll+0x32c826]
V  [jvm.dll+0x38127e]
V  [jvm.dll+0x3814af]
V  [jvm.dll+0x2fcaba]
V  [jvm.dll+0x2fcb67]
V  [jvm.dll+0x3412f2]
V  [jvm.dll+0x33f894]
V  [jvm.dll+0x2fc290]
V  [jvm.dll+0x33ee6b]
V  [jvm.dll+0x8523bb]
V  [jvm.dll+0x853154]
V  [jvm.dll+0x85368c]
V  [jvm.dll+0x853ae4]
V  [jvm.dll+0x853ba7]
V  [jvm.dll+0x7f814a]
V  [jvm.dll+0x69bba5]
C  [ucrtbase.dll+0x21bb2]
C  [KERNEL32.DLL+0x17614]
C  [ntdll.dll+0x526a1]

VM_Operation (0x000000fe1c1fe420): G1CollectForAllocation, mode: safepoint, requested by thread 0x000002123b79b660


---------------  P R O C E S S  ---------------

Threads class SMR info:
_java_thread_list=0x0000021242cfcfc0, length=35, elements={
0x0000021215f045e0, 0x0000021236ee1160, 0x0000021236ee41e0, 0x0000021236eedfb0,
0x0000021236eee860, 0x000002123b023810, 0x000002123b0275c0, 0x000002123b0301b0,
0x000002123b0324d0, 0x000002123b045590, 0x000002123b107b90, 0x000002123b40a8e0,
0x000002123b5a6440, 0x000002123b79aa00, 0x000002123b79b660, 0x000002123baa1bd0,
0x000002123ba9fa40, 0x00000212426c2d10, 0x00000212427e4820, 0x00000212427e21a0,
0x00000212427e5b60, 0x00000212427e2670, 0x00000212427e2b40, 0x00000212427e51c0,
0x0000021242693400, 0x00000212427c33a0, 0x00000212427c3870, 0x00000212427c7bd0,
0x00000212427c3d40, 0x00000212427c4210, 0x00000212427c46e0, 0x00000212427c8570,
0x00000212427c8a40, 0x00000212427c2530, 0x00000212427c2ed0
}

Java Threads: ( => current thread )
  0x0000021215f045e0 JavaThread "main" [_thread_blocked, id=87076, stack(0x000000fe1ab00000,0x000000fe1ac00000)]
  0x0000021236ee1160 JavaThread "Reference Handler" daemon [_thread_blocked, id=89224, stack(0x000000fe1b200000,0x000000fe1b300000)]
  0x0000021236ee41e0 JavaThread "Finalizer" daemon [_thread_blocked, id=32044, stack(0x000000fe1b300000,0x000000fe1b400000)]
  0x0000021236eedfb0 JavaThread "Signal Dispatcher" daemon [_thread_blocked, id=116140, stack(0x000000fe1b400000,0x000000fe1b500000)]
  0x0000021236eee860 JavaThread "Attach Listener" daemon [_thread_blocked, id=20928, stack(0x000000fe1b500000,0x000000fe1b600000)]
  0x000002123b023810 JavaThread "Service Thread" daemon [_thread_blocked, id=115440, stack(0x000000fe1b600000,0x000000fe1b700000)]
  0x000002123b0275c0 JavaThread "Monitor Deflation Thread" daemon [_thread_blocked, id=103940, stack(0x000000fe1b700000,0x000000fe1b800000)]
  0x000002123b0301b0 JavaThread "C2 CompilerThread0" daemon [_thread_blocked, id=113116, stack(0x000000fe1b800000,0x000000fe1b900000)]
  0x000002123b0324d0 JavaThread "C1 CompilerThread0" daemon [_thread_blocked, id=35044, stack(0x000000fe1b900000,0x000000fe1ba00000)]
  0x000002123b045590 JavaThread "Sweeper thread" daemon [_thread_blocked, id=101784, stack(0x000000fe1ba00000,0x000000fe1bb00000)]
  0x000002123b107b90 JavaThread "Common-Cleaner" daemon [_thread_blocked, id=126544, stack(0x000000fe1bb00000,0x000000fe1bc00000)]
  0x000002123b40a8e0 JavaThread "Notification Thread" daemon [_thread_blocked, id=92572, stack(0x000000fe1bc00000,0x000000fe1bd00000)]
  0x000002123b5a6440 JavaThread "QuantumRenderer-0" daemon [_thread_blocked, id=115188, stack(0x000000fe1be00000,0x000000fe1bf00000)]
  0x000002123b79aa00 JavaThread "InvokeLaterDispatcher" daemon [_thread_blocked, id=96652, stack(0x000000fe1c000000,0x000000fe1c100000)]
  0x000002123b79b660 JavaThread "JavaFX Application Thread" [_thread_blocked, id=94524, stack(0x000000fe1c100000,0x000000fe1c200000)]
  0x000002123baa1bd0 JavaThread "JavaFX-Launcher" [_thread_blocked, id=100064, stack(0x000000fe1c400000,0x000000fe1c500000)]
  0x000002123ba9fa40 JavaThread "Thread-2" daemon [_thread_blocked, id=34024, stack(0x000000fe1c300000,0x000000fe1c400000)]
  0x00000212426c2d10 JavaThread "Prism Font Disposer" daemon [_thread_blocked, id=99404, stack(0x000000fe1ce00000,0x000000fe1cf00000)]
  0x00000212427e4820 JavaThread "RMI Scheduler(0)" daemon [_thread_blocked, id=92380, stack(0x000000fe1cf00000,0x000000fe1d000000)]
  0x00000212427e21a0 JavaThread "RMI RenewClean-[192.168.56.1:57231]" daemon [_thread_blocked, id=117812, stack(0x000000fe1d000000,0x000000fe1d100000)]
  0x00000212427e5b60 JavaThread "RMI GC Daemon" daemon [_thread_blocked, id=78512, stack(0x000000fe1d100000,0x000000fe1d200000)]
  0x00000212427e2670 JavaThread "Cleaner-0" daemon [_thread_blocked, id=100496, stack(0x000000fe1d200000,0x000000fe1d300000)]
  0x00000212427e2b40 JavaThread "RMI TCP Accept-0" daemon [_thread_in_native, id=91336, stack(0x000000fe1d8c0000,0x000000fe1d9c0000)]
  0x00000212427e51c0 JavaThread "RMI Reaper" [_thread_blocked, id=73544, stack(0x000000fe1d9c0000,0x000000fe1dac0000)]
  0x0000021242693400 JavaThread "RMI TCP Connection(1142)-192.168.56.1" daemon [_thread_in_native, id=121452, stack(0x000000fe1cd00000,0x000000fe1ce00000)]
  0x00000212427c33a0 JavaThread "RMI TCP Connection(1136)-192.168.56.1" daemon [_thread_in_native, id=108020, stack(0x000000fe1dac0000,0x000000fe1dbc0000)]
  0x00000212427c3870 JavaThread "RMI TCP Connection(idle)" daemon [_thread_blocked, id=56988, stack(0x000000fe1dfc0000,0x000000fe1e0c0000)]
  0x00000212427c7bd0 JavaThread "RMI TCP Connection(1144)-192.168.56.1" daemon [_thread_in_native, id=32392, stack(0x000000fe1e2c0000,0x000000fe1e3c0000)]
  0x00000212427c3d40 JavaThread "RMI TCP Connection(1146)-192.168.56.1" daemon [_thread_in_native, id=13816, stack(0x000000fe1e3c0000,0x000000fe1e4c0000)]
  0x00000212427c4210 JavaThread "RMI TCP Connection(1147)-192.168.56.1" daemon [_thread_in_native, id=56768, stack(0x000000fe1cb00000,0x000000fe1cc00000)]
  0x00000212427c46e0 JavaThread "RMI TCP Connection(1140)-192.168.56.1" daemon [_thread_in_native, id=49536, stack(0x000000fe1cc00000,0x000000fe1cd00000)]
  0x00000212427c8570 JavaThread "RMI TCP Connection(1134)-192.168.56.1" daemon [_thread_in_native, id=109824, stack(0x000000fe1dcc0000,0x000000fe1ddc0000)]
  0x00000212427c8a40 JavaThread "RMI TCP Connection(idle)" daemon [_thread_blocked, id=72692, stack(0x000000fe1ddc0000,0x000000fe1dec0000)]
  0x00000212427c2530 JavaThread "RMI TCP Connection(idle)" daemon [_thread_blocked, id=74088, stack(0x000000fe1dec0000,0x000000fe1dfc0000)]
  0x00000212427c2ed0 JavaThread "RMI TCP Connection(1138)-192.168.56.1" daemon [_thread_in_native, id=118820, stack(0x000000fe1dbc0000,0x000000fe1dcc0000)]

Other Threads:
=>0x0000021215fa2860 VMThread "VM Thread" [stack: 0x000000fe1b100000,0x000000fe1b200000] [id=38012]
  0x0000021215f064a0 WatcherThread "VM Periodic Task Thread" [stack: 0x000000fe1bd00000,0x000000fe1be00000] [id=99904]
  0x0000021215f7ecb0 WorkerThread "GC Thread#0" [stack: 0x000000fe1ac00000,0x000000fe1ad00000] [id=89636]
  0x000002123bb52e90 WorkerThread "GC Thread#1" [stack: 0x000000fe1c500000,0x000000fe1c600000] [id=97588]
  0x000002123bb351b0 WorkerThread "GC Thread#2" [stack: 0x000000fe1c600000,0x000000fe1c700000] [id=29760]
  0x000002123bb2a040 WorkerThread "GC Thread#3" [stack: 0x000000fe1c700000,0x000000fe1c800000] [id=79088]
  0x000002123bb010a0 WorkerThread "GC Thread#4" [stack: 0x000000fe1c800000,0x000000fe1c900000] [id=119936]
  0x000002123bb04040 WorkerThread "GC Thread#5" [stack: 0x000000fe1c900000,0x000000fe1ca00000] [id=105596]
  0x000002123bb9bc70 WorkerThread "GC Thread#6" [stack: 0x000000fe1ca00000,0x000000fe1cb00000] [id=68144]
  0x0000021242796da0 WorkerThread "GC Thread#7" [stack: 0x000000fe1d300000,0x000000fe1d400000] [id=109452]
  0x0000021242797040 WorkerThread "GC Thread#8" [stack: 0x000000fe1d400000,0x000000fe1d500000] [id=85444]
  0x0000021242795360 WorkerThread "GC Thread#9" [stack: 0x000000fe1d500000,0x000000fe1d600000] [id=59648]
  0x0000021215f90200 ConcurrentGCThread "G1 Main Marker" [stack: 0x000000fe1ad00000,0x000000fe1ae00000] [id=58280]
  0x0000021215f90b00 WorkerThread "G1 Conc#0" [stack: 0x000000fe1ae00000,0x000000fe1af00000] [id=88376]
  0x0000021242796b00 WorkerThread "G1 Conc#1" [stack: 0x000000fe1d600000,0x000000fe1d700000] [id=100804]
  0x0000021242796320 WorkerThread "G1 Conc#2" [stack: 0x000000fe1d700000,0x000000fe1d800000] [id=111492]
  0x0000021236d1ca20 ConcurrentGCThread "G1 Refine#0" [stack: 0x000000fe1af00000,0x000000fe1b000000] [id=101324]
  0x0000021236d1d0e0 ConcurrentGCThread "G1 Service" [stack: 0x000000fe1b000000,0x000000fe1b100000] [id=108076]

Threads with active compile tasks:

VM state: at safepoint (normal execution)

VM Mutex/Monitor currently owned by a thread:  ([mutex/lock_event])
[0x0000021215f008e0] Threads_lock - owner thread: 0x0000021215fa2860
[0x0000021215f00580] Heap_lock - owner thread: 0x000002123b79b660

Heap address: 0x0000000701200000, size: 4078 MB, Compressed Oops mode: Zero based, Oop shift amount: 3

CDS archive(s) not mapped
Compressed class space mapped at: 0x0000000800000000-0x0000000840000000, reserved size: 1073741824
Narrow klass base: 0x0000000800000000, Narrow klass shift: 0, Narrow klass range: 0x40000000

GC Precious Log:
 CardTable entry size: 512
 Card Set container configuration: InlinePtr #cards 4 size 8 Array Of Cards #cards 16 size 48 Howl #buckets 8 coarsen threshold 3686 Howl Bitmap #cards 512 size 80 coarsen threshold 460 Card regions per heap region 1 cards per card region 4096
 CPUs: 12 total, 12 available
 Memory: 16310M
 Large Page Support: Disabled
 NUMA Support: Disabled
 Compressed Oops: Enabled (Zero based)
 Heap Region Size: 2M
 Heap Min Capacity: 8M
 Heap Initial Capacity: 256M
 Heap Max Capacity: 4078M
 Pre-touch: Disabled
 Parallel Workers: 10
 Concurrent Workers: 3
 Concurrent Refinement Workers: 10
 Periodic GC: Disabled

Heap:
 garbage-first heap   total 40960K, used 16875K [0x0000000701200000, 0x0000000800000000)
  region size 2048K, 1 young (2048K), 1 survivors (2048K)
 Metaspace       used 27476K, committed 27840K, reserved 1114112K
  class space    used 3232K, committed 3392K, reserved 1048576K

Heap Regions: E=young(eden), S=young(survivor), O=old, HS=humongous(starts), HC=humongous(continues), CS=collection set, F=free, OA=open archive, CA=closed archive, TAMS=top-at-mark-start (previous, next)
|   0|0x0000000701200000, 0x0000000701400000, 0x0000000701400000|100%|HS|  |TAMS 0x0000000701400000, 0x0000000701200000| Complete 
|   1|0x0000000701400000, 0x0000000701600000, 0x0000000701600000|100%| O|  |TAMS 0x0000000701400000, 0x0000000701400000| Untracked 
|   2|0x0000000701600000, 0x0000000701800000, 0x0000000701800000|100%| O|  |TAMS 0x0000000701600000, 0x0000000701600000| Untracked 
|   3|0x0000000701800000, 0x0000000701a00000, 0x0000000701a00000|100%| O|  |TAMS 0x0000000701800000, 0x0000000701800000| Untracked 
|   4|0x0000000701a00000, 0x0000000701c00000, 0x0000000701c00000|100%| O|  |TAMS 0x0000000701a00000, 0x0000000701a00000| Untracked 
|   5|0x0000000701c00000, 0x0000000701e00000, 0x0000000701e00000|100%| O|  |TAMS 0x0000000701c00000, 0x0000000701c00000| Untracked 
|   6|0x0000000701e00000, 0x0000000702000000, 0x0000000702000000|100%| O|  |TAMS 0x0000000701e00000, 0x0000000701e00000| Untracked 
|   7|0x0000000702000000, 0x0000000702186c00, 0x0000000702200000| 76%| O|  |TAMS 0x0000000702000000, 0x0000000702000000| Untracked 
|   8|0x0000000702200000, 0x0000000702200000, 0x0000000702400000|  0%| F|  |TAMS 0x0000000702200000, 0x0000000702200000| Untracked 
|   9|0x0000000702400000, 0x0000000702400000, 0x0000000702600000|  0%| F|  |TAMS 0x0000000702400000, 0x0000000702400000| Untracked 
|  10|0x0000000702600000, 0x0000000702600000, 0x0000000702800000|  0%| F|  |TAMS 0x0000000702600000, 0x0000000702600000| Untracked 
|  11|0x0000000702800000, 0x0000000702800000, 0x0000000702a00000|  0%| F|  |TAMS 0x0000000702800000, 0x0000000702800000| Untracked 
|  12|0x0000000702a00000, 0x0000000702a00000, 0x0000000702c00000|  0%| F|  |TAMS 0x0000000702a00000, 0x0000000702a00000| Untracked 
|  13|0x0000000702c00000, 0x0000000702cf4080, 0x0000000702e00000| 47%| S|CS|TAMS 0x0000000702c00000, 0x0000000702c00000| Complete 
|  14|0x0000000702e00000, 0x0000000702e00000, 0x0000000703000000|  0%| F|  |TAMS 0x0000000702e00000, 0x0000000702e00000| Untracked 
|  15|0x0000000703000000, 0x0000000703000000, 0x0000000703200000|  0%| F|  |TAMS 0x0000000703000000, 0x0000000703000000| Untracked 
| 110|0x000000070ee00000, 0x000000070ee00000, 0x000000070f000000|  0%| F|  |TAMS 0x000000070ee00000, 0x000000070ee00000| Untracked 
| 111|0x000000070f000000, 0x000000070f000000, 0x000000070f200000|  0%| F|  |TAMS 0x000000070f000000, 0x000000070f000000| Untracked 
| 112|0x000000070f200000, 0x000000070f200000, 0x000000070f400000|  0%| F|  |TAMS 0x000000070f200000, 0x000000070f200000| Untracked 
| 127|0x0000000711000000, 0x0000000711000000, 0x0000000711200000|  0%| F|  |TAMS 0x0000000711000000, 0x0000000711000000| Untracked 

Card table byte_map: [0x000002122b230000,0x000002122ba30000] _byte_map_base: 0x0000021227a27000

Marking Bits (Prev, Next): (CMBitMap*) 0x0000021215f7f200, (CMBitMap*) 0x0000021215f7f1c0
 Prev Bits: [0x00000212301f0000, 0x00000212341a8000)
 Next Bits: [0x000002122c230000, 0x00000212301e8000)

Polling page: 0x0000021215fc0000

Metaspace:

Usage:
  Non-class:     23.68 MB used.
      Class:      3.16 MB used.
       Both:     26.83 MB used.

Virtual space:
  Non-class space:       64.00 MB reserved,      23.88 MB ( 37%) committed,  1 nodes.
      Class space:        1.00 GB reserved,       3.31 MB ( <1%) committed,  1 nodes.
             Both:        1.06 GB reserved,      27.19 MB (  2%) committed. 

Chunk freelists:
   Non-Class:  3.86 MB
       Class:  538.00 KB
        Both:  4.38 MB

MaxMetaspaceSize: unlimited
CompressedClassSpaceSize: 1.00 GB
Initial GC threshold: 21.00 MB
Current GC threshold: 35.12 MB
CDS: off
MetaspaceReclaimPolicy: balanced
 - commit_granule_bytes: 65536.
 - commit_granule_words: 8192.
 - virtual_space_node_default_size: 8388608.
 - enlarge_chunks_in_place: 1.
 - new_chunks_are_fully_committed: 0.
 - uncommit_free_chunks: 1.
 - use_allocation_guard: 0.


Internal statistics:

num_allocs_failed_limit: 3.
num_arena_births: 362.
num_arena_deaths: 0.
num_vsnodes_births: 2.
num_vsnodes_deaths: 0.
num_space_committed: 435.
num_space_uncommitted: 0.
num_chunks_returned_to_freelist: 3.
num_chunks_taken_from_freelist: 1028.
num_chunk_merges: 3.
num_chunk_splits: 682.
num_chunks_enlarged: 480.
num_inconsistent_stats: 0.

CodeHeap 'non-profiled nmethods': size=120000Kb used=6894Kb max_used=6894Kb free=113105Kb
 bounds [0x0000021222880000, 0x0000021222f40000, 0x0000021229db0000]
CodeHeap 'profiled nmethods': size=120000Kb used=8821Kb max_used=11665Kb free=111178Kb
 bounds [0x000002121b350000, 0x000002121bee0000, 0x0000021222880000]
CodeHeap 'non-nmethods': size=5760Kb used=1467Kb max_used=1527Kb free=4292Kb
 bounds [0x000002121adb0000, 0x000002121b020000, 0x000002121b350000]
 total_blobs=6341 nmethods=5517 adapters=734
 compilation: enabled
              stopped_count=0, restarted_count=0
 full_count=0

Compilation events (20 events):
Event: 1524.712 Thread 0x000002123b0324d0 nmethod 7007 0x000002121bdab510 code [0x000002121bdab840, 0x000002121bdace98]
Event: 1524.712 Thread 0x000002123b0324d0 7006       3       com.sun.scenario.effect.Effect::releaseCompatibleImage (9 bytes)
Event: 1524.712 Thread 0x000002123b0324d0 nmethod 7006 0x000002121b92eb90 code [0x000002121b92ed40, 0x000002121b92ef18]
Event: 1524.760 Thread 0x000002123b0301b0 nmethod 7003 0x0000021222f30090 code [0x0000021222f30520, 0x0000021222f345f0]
Event: 1524.760 Thread 0x000002123b0301b0 7005       4       com.sun.javafx.sg.prism.RegionImageCache$CachedImage::equals (74 bytes)
Event: 1524.762 Thread 0x000002123b0301b0 nmethod 7005 0x0000021222f36f90 code [0x0000021222f37140, 0x0000021222f37468]
Event: 1524.929 Thread 0x000002123b0301b0 7008       4       com.sun.glass.ui.Window::getScreen (8 bytes)
Event: 1524.929 Thread 0x000002123b0301b0 nmethod 7008 0x0000021222f37810 code [0x0000021222f37980, 0x0000021222f37a38]
Event: 1524.954 Thread 0x000002123b0324d0 7009       3       com.sun.scenario.effect.impl.prism.PrFilterContext::equals (45 bytes)
Event: 1524.954 Thread 0x000002123b0301b0 7011       4       com.sun.scenario.effect.ImageData::unref (103 bytes)
Event: 1524.954 Thread 0x000002123b0324d0 nmethod 7009 0x000002121bb28610 code [0x000002121bb287e0, 0x000002121bb28d08]
Event: 1524.954 Thread 0x000002123b0324d0 7010       3       com.sun.glass.ui.Screen::equals (235 bytes)
Event: 1524.955 Thread 0x000002123b0324d0 nmethod 7010 0x000002121bc6bc10 code [0x000002121bc6be20, 0x000002121bc6c6d8]
Event: 1524.977 Thread 0x000002123b0301b0 nmethod 7011 0x0000021222f37b10 code [0x0000021222f37e20, 0x0000021222f3a340]
Event: 1524.986 Thread 0x000002123b0324d0 7012       3       com.sun.marlin.TransformingPathConsumer2D$PathClipFilter::curveTo (317 bytes)
Event: 1524.987 Thread 0x000002123b0324d0 nmethod 7012 0x000002121b738290 code [0x000002121b7384e0, 0x000002121b738f58]
Event: 1525.209 Thread 0x000002123b0324d0 7013       3       com.sun.marlin.Renderer::closePath (61 bytes)
Event: 1525.209 Thread 0x000002123b0301b0 7014       4       com.sun.marlin.Renderer::lineTo (41 bytes)
Event: 1525.209 Thread 0x000002123b0324d0 nmethod 7013 0x000002121ba24090 code [0x000002121ba24240, 0x000002121ba24468]
Event: 1525.209 Thread 0x000002123b0301b0 nmethod 7014 0x0000021222f3b810 code [0x0000021222f3b9c0, 0x0000021222f3baa8]

GC Heap History (20 events):
Event: 1494.832 GC heap after
{Heap after GC invocations=481 (full 0):
 garbage-first heap   total 40960K, used 12693K [0x0000000701200000, 0x0000000800000000)
  region size 2048K, 1 young (2048K), 1 survivors (2048K)
 Metaspace       used 27472K, committed 27840K, reserved 1114112K
  class space    used 3231K, committed 3392K, reserved 1048576K
}
Event: 1497.937 GC heap before
{Heap before GC invocations=481 (full 0):
 garbage-first heap   total 40960K, used 33173K [0x0000000701200000, 0x0000000800000000)
  region size 2048K, 11 young (22528K), 1 survivors (2048K)
 Metaspace       used 27472K, committed 27840K, reserved 1114112K
  class space    used 3231K, committed 3392K, reserved 1048576K
}
Event: 1497.937 GC heap after
{Heap after GC invocations=482 (full 0):
 garbage-first heap   total 40960K, used 12719K [0x0000000701200000, 0x0000000800000000)
  region size 2048K, 1 young (2048K), 1 survivors (2048K)
 Metaspace       used 27472K, committed 27840K, reserved 1114112K
  class space    used 3231K, committed 3392K, reserved 1048576K
}
Event: 1500.928 GC heap before
{Heap before GC invocations=482 (full 0):
 garbage-first heap   total 40960K, used 33199K [0x0000000701200000, 0x0000000800000000)
  region size 2048K, 11 young (22528K), 1 survivors (2048K)
 Metaspace       used 27472K, committed 27840K, reserved 1114112K
  class space    used 3231K, committed 3392K, reserved 1048576K
}
Event: 1500.929 GC heap after
{Heap after GC invocations=483 (full 0):
 garbage-first heap   total 40960K, used 12696K [0x0000000701200000, 0x0000000800000000)
  region size 2048K, 1 young (2048K), 1 survivors (2048K)
 Metaspace       used 27472K, committed 27840K, reserved 1114112K
  class space    used 3231K, committed 3392K, reserved 1048576K
}
Event: 1503.937 GC heap before
{Heap before GC invocations=483 (full 0):
 garbage-first heap   total 40960K, used 33176K [0x0000000701200000, 0x0000000800000000)
  region size 2048K, 11 young (22528K), 1 survivors (2048K)
 Metaspace       used 27472K, committed 27840K, reserved 1114112K
  class space    used 3231K, committed 3392K, reserved 1048576K
}
Event: 1503.973 GC heap after
{Heap after GC invocations=484 (full 0):
 garbage-first heap   total 40960K, used 12704K [0x0000000701200000, 0x0000000800000000)
  region size 2048K, 1 young (2048K), 1 survivors (2048K)
 Metaspace       used 27472K, committed 27840K, reserved 1114112K
  class space    used 3231K, committed 3392K, reserved 1048576K
}
Event: 1506.945 GC heap before
{Heap before GC invocations=484 (full 0):
 garbage-first heap   total 40960K, used 33184K [0x0000000701200000, 0x0000000800000000)
  region size 2048K, 11 young (22528K), 1 survivors (2048K)
 Metaspace       used 27472K, committed 27840K, reserved 1114112K
  class space    used 3231K, committed 3392K, reserved 1048576K
}
Event: 1506.945 GC heap after
{Heap after GC invocations=485 (full 0):
 garbage-first heap   total 40960K, used 12702K [0x0000000701200000, 0x0000000800000000)
  region size 2048K, 1 young (2048K), 1 survivors (2048K)
 Metaspace       used 27472K, committed 27840K, reserved 1114112K
  class space    used 3231K, committed 3392K, reserved 1048576K
}
Event: 1509.937 GC heap before
{Heap before GC invocations=485 (full 0):
 garbage-first heap   total 40960K, used 33182K [0x0000000701200000, 0x0000000800000000)
  region size 2048K, 11 young (22528K), 1 survivors (2048K)
 Metaspace       used 27472K, committed 27840K, reserved 1114112K
  class space    used 3231K, committed 3392K, reserved 1048576K
}
Event: 1509.937 GC heap after
{Heap after GC invocations=486 (full 0):
 garbage-first heap   total 40960K, used 12742K [0x0000000701200000, 0x0000000800000000)
  region size 2048K, 1 young (2048K), 1 survivors (2048K)
 Metaspace       used 27472K, committed 27840K, reserved 1114112K
  class space    used 3231K, committed 3392K, reserved 1048576K
}
Event: 1523.846 GC heap before
{Heap before GC invocations=486 (full 0):
 garbage-first heap   total 40960K, used 33222K [0x0000000701200000, 0x0000000800000000)
  region size 2048K, 11 young (22528K), 1 survivors (2048K)
 Metaspace       used 27472K, committed 27840K, reserved 1114112K
  class space    used 3231K, committed 3392K, reserved 1048576K
}
Event: 1523.847 GC heap after
{Heap after GC invocations=487 (full 0):
 garbage-first heap   total 40960K, used 14292K [0x0000000701200000, 0x0000000800000000)
  region size 2048K, 2 young (4096K), 2 survivors (4096K)
 Metaspace       used 27472K, committed 27840K, reserved 1114112K
  class space    used 3231K, committed 3392K, reserved 1048576K
}
Event: 1523.944 GC heap before
{Heap before GC invocations=487 (full 0):
 garbage-first heap   total 40960K, used 30676K [0x0000000701200000, 0x0000000800000000)
  region size 2048K, 10 young (20480K), 2 survivors (4096K)
 Metaspace       used 27472K, committed 27840K, reserved 1114112K
  class space    used 3231K, committed 3392K, reserved 1048576K
}
Event: 1523.946 GC heap after
{Heap after GC invocations=488 (full 0):
 garbage-first heap   total 40960K, used 15988K [0x0000000701200000, 0x0000000800000000)
  region size 2048K, 1 young (2048K), 1 survivors (2048K)
 Metaspace       used 27472K, committed 27840K, reserved 1114112K
  class space    used 3231K, committed 3392K, reserved 1048576K
}
Event: 1524.029 GC heap before
{Heap before GC invocations=488 (full 0):
 garbage-first heap   total 40960K, used 32372K [0x0000000701200000, 0x0000000800000000)
  region size 2048K, 9 young (18432K), 1 survivors (2048K)
 Metaspace       used 27472K, committed 27840K, reserved 1114112K
  class space    used 3231K, committed 3392K, reserved 1048576K
}
Event: 1524.030 GC heap after
{Heap after GC invocations=489 (full 0):
 garbage-first heap   total 40960K, used 17736K [0x0000000701200000, 0x0000000800000000)
  region size 2048K, 2 young (4096K), 2 survivors (4096K)
 Metaspace       used 27472K, committed 27840K, reserved 1114112K
  class space    used 3231K, committed 3392K, reserved 1048576K
}
Event: 1524.105 GC heap before
{Heap before GC invocations=489 (full 0):
 garbage-first heap   total 40960K, used 32072K [0x0000000701200000, 0x0000000800000000)
  region size 2048K, 9 young (18432K), 2 survivors (4096K)
 Metaspace       used 27472K, committed 27840K, reserved 1114112K
  class space    used 3231K, committed 3392K, reserved 1048576K
}
Event: 1524.110 GC heap after
{Heap after GC invocations=490 (full 0):
 garbage-first heap   total 40960K, used 19317K [0x0000000701200000, 0x0000000800000000)
  region size 2048K, 2 young (4096K), 2 survivors (4096K)
 Metaspace       used 27472K, committed 27840K, reserved 1114112K
  class space    used 3231K, committed 3392K, reserved 1048576K
}
Event: 1525.452 GC heap before
{Heap before GC invocations=490 (full 0):
 garbage-first heap   total 40960K, used 31605K [0x0000000701200000, 0x0000000800000000)
  region size 2048K, 8 young (16384K), 2 survivors (4096K)
 Metaspace       used 27476K, committed 27840K, reserved 1114112K
  class space    used 3232K, committed 3392K, reserved 1048576K
}

Deoptimization events (20 events):
Event: 1524.243 Thread 0x000002123b79b660 DEOPT PACKING pc=0x0000021222eb89d0 sp=0x000000fe1c1fd9b0
Event: 1524.243 Thread 0x000002123b79b660 DEOPT UNPACKING pc=0x000002121ae023a3 sp=0x000000fe1c1fd940 mode 2
Event: 1524.243 Thread 0x000002123b79b660 Uncommon trap: trap_request=0xffffff45 fr.pc=0x0000021222a6b97c relative=0x00000000000001bc
Event: 1524.243 Thread 0x000002123b79b660 Uncommon trap: reason=unstable_if action=reinterpret pc=0x0000021222a6b97c method=com.sun.javafx.sg.prism.NGNode.invalidateOpaqueRegion()V @ 9 c2
Event: 1524.243 Thread 0x000002123b79b660 DEOPT PACKING pc=0x0000021222a6b97c sp=0x000000fe1c1fd740
Event: 1524.243 Thread 0x000002123b79b660 DEOPT UNPACKING pc=0x000002121ae023a3 sp=0x000000fe1c1fd650 mode 2
Event: 1524.249 Thread 0x000002123b5a6440 Uncommon trap: trap_request=0xffffff45 fr.pc=0x0000021222ebe9fc relative=0x000000000000153c
Event: 1524.249 Thread 0x000002123b5a6440 Uncommon trap: reason=unstable_if action=reinterpret pc=0x0000021222ebe9fc method=com.sun.prism.d3d.D3DSwapChain.lockResources(Lcom/sun/prism/PresentableState;)Z @ 11 c2
Event: 1524.249 Thread 0x000002123b5a6440 DEOPT PACKING pc=0x0000021222ebe9fc sp=0x000000fe1beff450
Event: 1524.249 Thread 0x000002123b5a6440 DEOPT UNPACKING pc=0x000002121ae023a3 sp=0x000000fe1beff398 mode 2
Event: 1524.265 Thread 0x000002123b5a6440 Uncommon trap: trap_request=0xffffff45 fr.pc=0x0000021222ec2f40 relative=0x0000000000001600
Event: 1524.265 Thread 0x000002123b5a6440 Uncommon trap: reason=unstable_if action=reinterpret pc=0x0000021222ec2f40 method=com.sun.javafx.tk.quantum.ViewPainter.paintImpl(Lcom/sun/prism/Graphics;)V @ 60 c2
Event: 1524.265 Thread 0x000002123b5a6440 DEOPT PACKING pc=0x0000021222ec2f40 sp=0x000000fe1beff310
Event: 1524.265 Thread 0x000002123b5a6440 DEOPT UNPACKING pc=0x000002121ae023a3 sp=0x000000fe1beff330 mode 2
Event: 1524.305 Thread 0x000002123b5a6440 Uncommon trap: trap_request=0xffffffde fr.pc=0x0000021222ebba48 relative=0x0000000000000748
Event: 1524.305 Thread 0x000002123b5a6440 Uncommon trap: reason=class_check action=maybe_recompile pc=0x0000021222ebba48 method=com.sun.javafx.tk.RenderJob.run()V @ 81 c2
Event: 1524.305 Thread 0x000002123b5a6440 DEOPT PACKING pc=0x0000021222ebba48 sp=0x000000fe1beff4e0
Event: 1524.305 Thread 0x000002123b5a6440 DEOPT UNPACKING pc=0x000002121ae023a3 sp=0x000000fe1beff4b0 mode 2
Event: 1524.954 Thread 0x000002123b5a6440 DEOPT PACKING pc=0x000002121bcfa648 sp=0x000000fe1befe920
Event: 1524.954 Thread 0x000002123b5a6440 DEOPT UNPACKING pc=0x000002121ae02b43 sp=0x000000fe1befdd50 mode 0

Classes loaded (20 events):
Event: 6.681 Loading class java/time/zone/ZoneOffsetTransitionRule$1
Event: 6.681 Loading class java/time/zone/ZoneOffsetTransitionRule$1 done
Event: 6.683 Loading class java/time/format/DateTimeFormatter
Event: 6.683 Loading class java/time/format/DateTimeFormatter done
Event: 6.683 Loading class java/time/temporal/TemporalQuery
Event: 6.683 Loading class java/time/temporal/TemporalQuery done
Event: 6.683 Loading class java/time/ZonedDateTime
Event: 6.684 Loading class java/time/chrono/ChronoZonedDateTime
Event: 6.684 Loading class java/time/chrono/ChronoZonedDateTime done
Event: 6.684 Loading class java/time/ZonedDateTime done
Event: 6.684 Loading class java/time/OffsetDateTime
Event: 6.684 Loading class java/time/OffsetDateTime done
Event: 15.921 Loading class java/util/ArrayList$ListItr
Event: 15.921 Loading class java/util/ArrayList$ListItr done
Event: 75.209 Loading class jdk/internal/access/foreign/MemorySegmentProxy
Event: 75.209 Loading class jdk/internal/access/foreign/MemorySegmentProxy done
Event: 166.947 Loading class java/util/IdentityHashMap$KeyIterator
Event: 166.947 Loading class java/util/IdentityHashMap$IdentityHashMapIterator
Event: 166.947 Loading class java/util/IdentityHashMap$IdentityHashMapIterator done
Event: 166.947 Loading class java/util/IdentityHashMap$KeyIterator done

Classes unloaded (0 events):
No events

Classes redefined (0 events):
No events

Internal exceptions (20 events):
Event: 1.705 Thread 0x000002123b79b660 Exception <a 'java/lang/ClassNotFoundException'{0x000000070312beb0}: com/sun/javafx/scene/control/skin/resources/controls> (0x000000070312beb0) 
thrown [s\src\hotspot\share\prims\jni.cpp, line 535]
Event: 1.706 Thread 0x000002123b79b660 Exception <a 'java/lang/ClassNotFoundException'{0x0000000703139e38}: com/sun/javafx/scene/control/skin/resources/controls_en> (0x0000000703139e38) 
thrown [s\src\hotspot\share\prims\jni.cpp, line 535]
Event: 1.706 Thread 0x000002123b79b660 Exception <a 'java/lang/ClassNotFoundException'{0x000000070313b4f0}: com/sun/javafx/scene/control/skin/resources/controls_en_CA> (0x000000070313b4f0) 
thrown [s\src\hotspot\share\prims\jni.cpp, line 535]
Event: 2.510 Thread 0x000002123b79b660 Exception <a 'java/lang/NoSuchMethodError'{0x0000000702a009c0}: 'java.lang.Object java.lang.invoke.DirectMethodHandle$Holder.newInvokeSpecial(java.lang.Object, java.lang.Object, int, int, int, int, int, java.lang.Object)'> (0x0000000702a009c0) 
thrown [s\src\hotspot\share\interpreter\linkResolver.cpp, line 766]
Event: 2.510 Thread 0x000002123b79b660 Exception <a 'java/lang/NoSuchMethodError'{0x0000000702a139a0}: 'java.lang.Object java.lang.invoke.DirectMethodHandle$Holder.newInvokeSpecial(java.lang.Object, java.lang.Object, java.lang.Object, int, int, int, int, int)'> (0x0000000702a139a0) 
thrown [s\src\hotspot\share\interpreter\linkResolver.cpp, line 766]
Event: 2.511 Thread 0x000002123b79b660 Exception <a 'java/lang/NoSuchMethodError'{0x0000000702a1b208}: 'java.lang.Object java.lang.invoke.Invokers$Holder.linkToTargetMethod(java.lang.Object, java.lang.Object, int, int, int, int, int, java.lang.Object)'> (0x0000000702a1b208) 
thrown [s\src\hotspot\share\interpreter\linkResolver.cpp, line 766]
Event: 3.198 Thread 0x00000212427e3010 Exception <a 'java/lang/NoSuchMethodError'{0x0000000702b246d8}: 'java.lang.Object java.lang.invoke.DirectMethodHandle$Holder.invokeInterface(java.lang.Object, java.lang.Object)'> (0x0000000702b246d8) 
thrown [s\src\hotspot\share\interpreter\linkResolver.cpp, line 766]
Event: 4.175 Thread 0x000002123b5a6440 Exception <a 'java/lang/NoSuchMethodError'{0x0000000702573908}: 'java.lang.Object java.lang.invoke.DirectMethodHandle$Holder.invokeStaticInit(java.lang.Object, int)'> (0x0000000702573908) 
thrown [s\src\hotspot\share\interpreter\linkResolver.cpp, line 766]
Event: 6.680 Thread 0x000002123b79b660 Exception <a 'java/lang/NoSuchMethodError'{0x00000007028045b8}: 'java.lang.Object java.lang.invoke.DirectMethodHandle$Holder.invokeStatic(java.lang.Object, int, java.lang.Object)'> (0x00000007028045b8) 
thrown [s\src\hotspot\share\interpreter\linkResolver.cpp, line 766]
Event: 6.684 Thread 0x00000212427e4cf0 Exception <a 'java/lang/NoSuchMethodError'{0x0000000702820870}: 'int java.lang.invoke.DirectMethodHandle$Holder.invokeInterface(java.lang.Object, java.lang.Object)'> (0x0000000702820870) 
thrown [s\src\hotspot\share\interpreter\linkResolver.cpp, line 766]
Event: 8.642 Thread 0x000002123b79b660 Exception <a 'java/lang/NoSuchMethodError'{0x0000000702fa93c0}: 'java.lang.Object java.lang.invoke.DirectMethodHandle$Holder.newInvokeSpecial(java.lang.Object, java.lang.Object, java.lang.Object, double, double, double, double, int, int, int, int, int, int, int, int, int)'> (0x0000000702fa93c0) 
thrown [s\src\hotspot\share\interpreter\linkResolver.cpp, line 766]
Event: 1523.762 Thread 0x000002123b79b660 Implicit null exception at 0x0000021222b0dd9c to 0x0000021222b10480
Event: 1523.763 Thread 0x000002123b79b660 Implicit null exception at 0x0000021222b0dd9c to 0x0000021222b10480
Event: 1523.764 Thread 0x000002123b79b660 Implicit null exception at 0x0000021222f25b67 to 0x0000021222f2645c
Event: 1524.121 Thread 0x000002123b5a6440 Implicit null exception at 0x0000021222e9d0e0 to 0x0000021222ea0dec
Event: 1524.173 Thread 0x000002123b5a6440 Implicit null exception at 0x0000021222bd8ce4 to 0x0000021222bda824
Event: 1524.176 Thread 0x000002123b5a6440 Implicit null exception at 0x0000021222c60267 to 0x0000021222c60660
Event: 1524.181 Thread 0x000002123b5a6440 Implicit null exception at 0x0000021222cf4698 to 0x0000021222cf55bc
Event: 1524.182 Thread 0x000002123b5a6440 Implicit null exception at 0x0000021222d33dd4 to 0x0000021222d34a44
Event: 1524.182 Thread 0x000002123b5a6440 Implicit null exception at 0x0000021222db08a4 to 0x0000021222db4130

VM Operations (20 events):
Event: 1497.937 Executing VM operation: G1CollectForAllocation done
Event: 1500.928 Executing VM operation: G1CollectForAllocation
Event: 1500.929 Executing VM operation: G1CollectForAllocation done
Event: 1503.937 Executing VM operation: G1CollectForAllocation
Event: 1503.973 Executing VM operation: G1CollectForAllocation done
Event: 1506.945 Executing VM operation: G1CollectForAllocation
Event: 1506.945 Executing VM operation: G1CollectForAllocation done
Event: 1509.937 Executing VM operation: G1CollectForAllocation
Event: 1509.937 Executing VM operation: G1CollectForAllocation done
Event: 1523.846 Executing VM operation: G1CollectForAllocation
Event: 1523.847 Executing VM operation: G1CollectForAllocation done
Event: 1523.944 Executing VM operation: G1CollectForAllocation
Event: 1523.946 Executing VM operation: G1CollectForAllocation done
Event: 1524.029 Executing VM operation: G1CollectForAllocation
Event: 1524.030 Executing VM operation: G1CollectForAllocation done
Event: 1524.105 Executing VM operation: G1CollectForAllocation
Event: 1524.110 Executing VM operation: G1CollectForAllocation done
Event: 1525.111 Executing VM operation: Cleanup
Event: 1525.111 Executing VM operation: Cleanup done
Event: 1525.452 Executing VM operation: G1CollectForAllocation

Events (20 events):
Event: 1031.441 Thread 0x00000212427c7bd0 Thread added: 0x00000212427c7bd0
Event: 1034.448 Thread 0x00000212427c3d40 Thread added: 0x00000212427c3d40
Event: 1108.946 Thread 0x00000212427c6890 Thread exited: 0x00000212427c6890
Event: 1110.452 Thread 0x00000212427c5ef0 Thread exited: 0x00000212427c5ef0
Event: 1113.208 Thread 0x00000212427c8570 Thread exited: 0x00000212427c8570
Event: 1114.451 Thread 0x00000212427c2a00 Thread exited: 0x00000212427c2a00
Event: 1115.954 Thread 0x000002123b2e3430 Thread exited: 0x000002123b2e3430
Event: 1118.703 Thread 0x00000212427c4210 Thread exited: 0x00000212427c4210
Event: 1119.948 Thread 0x00000212427e4cf0 Thread exited: 0x00000212427e4cf0
Event: 1122.695 Thread 0x000002123b2df0d0 Thread exited: 0x000002123b2df0d0
Event: 1184.945 Thread 0x00000212427c4210 Thread added: 0x00000212427c4210
Event: 1188.449 Thread 0x00000212427c11f0 Thread added: 0x00000212427c11f0
Event: 1271.939 Thread 0x000002124268e230 Thread exited: 0x000002124268e230
Event: 1276.692 Thread 0x00000212427c5a20 Thread exited: 0x00000212427c5a20
Event: 1286.449 Thread 0x00000212427c46e0 Thread added: 0x00000212427c46e0
Event: 1288.689 Thread 0x00000212427c8570 Thread added: 0x00000212427c8570
Event: 1297.937 Thread 0x00000212427c8a40 Thread added: 0x00000212427c8a40
Event: 1306.689 Thread 0x00000212427c2530 Thread added: 0x00000212427c2530
Event: 1375.203 Thread 0x00000212427c11f0 Thread exited: 0x00000212427c11f0
Event: 1379.441 Thread 0x00000212427c2ed0 Thread added: 0x00000212427c2ed0


Dynamic libraries:
0x00007ff66c5e0000 - 0x00007ff66c5ee000 	C:\Users\Daniel\.p2\pool\plugins\org.eclipse.justj.openjdk.hotspot.jre.full.win32.x86_64_18.0.1.v20220515-1614\jre\bin\javaw.exe
0x00007ffcec310000 - 0x00007ffcec508000 	C:\Windows\SYSTEM32\ntdll.dll
0x00007ffceaac0000 - 0x00007ffceab7f000 	C:\Windows\System32\KERNEL32.DLL
0x00007ffce9af0000 - 0x00007ffce9dc2000 	C:\Windows\System32\KERNELBASE.dll
0x00007ffce9f10000 - 0x00007ffcea010000 	C:\Windows\System32\ucrtbase.dll
0x00007ffcbb6b0000 - 0x00007ffcbb6c7000 	C:\Users\Daniel\.p2\pool\plugins\org.eclipse.justj.openjdk.hotspot.jre.full.win32.x86_64_18.0.1.v20220515-1614\jre\bin\jli.dll
0x00007ffcea830000 - 0x00007ffcea9d1000 	C:\Windows\System32\USER32.dll
0x00007ffcea010000 - 0x00007ffcea032000 	C:\Windows\System32\win32u.dll
0x00007ffceb760000 - 0x00007ffceb78b000 	C:\Windows\System32\GDI32.dll
0x00007ffce9e00000 - 0x00007ffce9f0f000 	C:\Windows\System32\gdi32full.dll
0x00007ffcea2c0000 - 0x00007ffcea35d000 	C:\Windows\System32\msvcp_win.dll
0x00007ffcbb530000 - 0x00007ffcbb549000 	C:\Users\Daniel\.p2\pool\plugins\org.eclipse.justj.openjdk.hotspot.jre.full.win32.x86_64_18.0.1.v20220515-1614\jre\bin\VCRUNTIME140.dll
0x00007ffcb3ab0000 - 0x00007ffcb3d4a000 	C:\Windows\WinSxS\amd64_microsoft.windows.common-controls_6595b64144ccf1df_6.0.19041.1110_none_60b5254171f9507e\COMCTL32.dll
0x00007ffceb850000 - 0x00007ffceb8ee000 	C:\Windows\System32\msvcrt.dll
0x00007ffceb8f0000 - 0x00007ffceb920000 	C:\Windows\System32\IMM32.DLL
0x00007ffceb360000 - 0x00007ffceb484000 	C:\Windows\System32\RPCRT4.dll
0x00007ffce98d0000 - 0x00007ffce9902000 	C:\Windows\SYSTEM32\SspiCli.dll
0x00007ffcd1420000 - 0x00007ffcd142c000 	C:\Users\Daniel\.p2\pool\plugins\org.eclipse.justj.openjdk.hotspot.jre.full.win32.x86_64_18.0.1.v20220515-1614\jre\bin\vcruntime140_1.dll
0x00007ffc81b20000 - 0x00007ffc81bb1000 	C:\Users\Daniel\.p2\pool\plugins\org.eclipse.justj.openjdk.hotspot.jre.full.win32.x86_64_18.0.1.v20220515-1614\jre\bin\msvcp140.dll
0x00007ffc41af0000 - 0x00007ffc42779000 	C:\Users\Daniel\.p2\pool\plugins\org.eclipse.justj.openjdk.hotspot.jre.full.win32.x86_64_18.0.1.v20220515-1614\jre\bin\server\jvm.dll
0x00007ffceb590000 - 0x00007ffceb63e000 	C:\Windows\System32\ADVAPI32.dll
0x00007ffcea360000 - 0x00007ffcea3fc000 	C:\Windows\System32\sechost.dll
0x00007ffcea9e0000 - 0x00007ffcea9e8000 	C:\Windows\System32\PSAPI.DLL
0x00007ffcd9d90000 - 0x00007ffcd9d99000 	C:\Windows\SYSTEM32\WSOCK32.dll
0x00007ffceb490000 - 0x00007ffceb4fb000 	C:\Windows\System32\WS2_32.dll
0x00007ffcdc0f0000 - 0x00007ffcdc117000 	C:\Windows\SYSTEM32\WINMM.dll
0x00007ffce3fb0000 - 0x00007ffce3fba000 	C:\Windows\SYSTEM32\VERSION.dll
0x00007ffce78f0000 - 0x00007ffce7902000 	C:\Windows\SYSTEM32\kernel.appcore.dll
0x00007ffce46b0000 - 0x00007ffce46ba000 	C:\Users\Daniel\.p2\pool\plugins\org.eclipse.justj.openjdk.hotspot.jre.full.win32.x86_64_18.0.1.v20220515-1614\jre\bin\jimage.dll
0x00007ffce3610000 - 0x00007ffce37f4000 	C:\Windows\SYSTEM32\DBGHELP.DLL
0x00007ffce31b0000 - 0x00007ffce31e5000 	C:\Windows\SYSTEM32\dbgcore.DLL
0x00007ffce9a10000 - 0x00007ffce9a92000 	C:\Windows\System32\bcryptPrimitives.dll
0x00007ffccc720000 - 0x00007ffccc745000 	C:\Users\Daniel\.p2\pool\plugins\org.eclipse.justj.openjdk.hotspot.jre.full.win32.x86_64_18.0.1.v20220515-1614\jre\bin\java.dll
0x00007ffcdd310000 - 0x00007ffcdd328000 	C:\Users\Daniel\.p2\pool\plugins\org.eclipse.justj.openjdk.hotspot.jre.full.win32.x86_64_18.0.1.v20220515-1614\jre\bin\zip.dll
0x00007ffceac10000 - 0x00007ffceb355000 	C:\Windows\System32\SHELL32.dll
0x00007ffce7af0000 - 0x00007ffce8282000 	C:\Windows\SYSTEM32\windows.storage.dll
0x00007ffcebe40000 - 0x00007ffcec195000 	C:\Windows\System32\combase.dll
0x00007ffce9470000 - 0x00007ffce94a0000 	C:\Windows\SYSTEM32\Wldp.dll
0x00007ffcebd90000 - 0x00007ffcebe3d000 	C:\Windows\System32\SHCORE.dll
0x00007ffceb790000 - 0x00007ffceb7e5000 	C:\Windows\System32\shlwapi.dll
0x00007ffce9950000 - 0x00007ffce996f000 	C:\Windows\SYSTEM32\profapi.dll
0x00007ffcbb8f0000 - 0x00007ffcbb903000 	C:\Users\Daniel\.p2\pool\plugins\org.eclipse.justj.openjdk.hotspot.jre.full.win32.x86_64_18.0.1.v20220515-1614\jre\bin\net.dll
0x00007ffce32d0000 - 0x00007ffce33da000 	C:\Windows\SYSTEM32\WINHTTP.dll
0x00007ffce91d0000 - 0x00007ffce923a000 	C:\Windows\system32\mswsock.dll
0x00007ffcbb8d0000 - 0x00007ffcbb8e6000 	C:\Users\Daniel\.p2\pool\plugins\org.eclipse.justj.openjdk.hotspot.jre.full.win32.x86_64_18.0.1.v20220515-1614\jre\bin\nio.dll
0x000002123bc00000 - 0x000002123bc03000 	C:\Program Files\Java\javafx-sdk-20\bin\api-ms-win-core-console-l1-1-0.dll
0x000002123bc10000 - 0x000002123bc13000 	C:\Program Files\Java\javafx-sdk-20\bin\api-ms-win-core-console-l1-2-0.dll
0x000002123bc20000 - 0x000002123bc23000 	C:\Program Files\Java\javafx-sdk-20\bin\api-ms-win-core-datetime-l1-1-0.dll
0x000002123bc30000 - 0x000002123bc33000 	C:\Program Files\Java\javafx-sdk-20\bin\api-ms-win-core-debug-l1-1-0.dll
0x000002123bc40000 - 0x000002123bc43000 	C:\Program Files\Java\javafx-sdk-20\bin\api-ms-win-core-errorhandling-l1-1-0.dll
0x000002123bc50000 - 0x000002123bc54000 	C:\Program Files\Java\javafx-sdk-20\bin\api-ms-win-core-file-l1-1-0.dll
0x000002123bc60000 - 0x000002123bc63000 	C:\Program Files\Java\javafx-sdk-20\bin\api-ms-win-core-file-l1-2-0.dll
0x000002123bc70000 - 0x000002123bc73000 	C:\Program Files\Java\javafx-sdk-20\bin\api-ms-win-core-file-l2-1-0.dll
0x000002123bc80000 - 0x000002123bc83000 	C:\Program Files\Java\javafx-sdk-20\bin\api-ms-win-core-handle-l1-1-0.dll
0x000002123bc90000 - 0x000002123bc93000 	C:\Program Files\Java\javafx-sdk-20\bin\api-ms-win-core-heap-l1-1-0.dll
0x000002123bca0000 - 0x000002123bca3000 	C:\Program Files\Java\javafx-sdk-20\bin\api-ms-win-core-interlocked-l1-1-0.dll
0x000002123bcb0000 - 0x000002123bcb3000 	C:\Program Files\Java\javafx-sdk-20\bin\api-ms-win-core-libraryloader-l1-1-0.dll
0x000002123bcc0000 - 0x000002123bcc3000 	C:\Program Files\Java\javafx-sdk-20\bin\api-ms-win-core-localization-l1-2-0.dll
0x000002123bcd0000 - 0x000002123bcd3000 	C:\Program Files\Java\javafx-sdk-20\bin\api-ms-win-core-memory-l1-1-0.dll
0x000002123bce0000 - 0x000002123bce3000 	C:\Program Files\Java\javafx-sdk-20\bin\api-ms-win-core-namedpipe-l1-1-0.dll
0x000002123bcf0000 - 0x000002123bcf3000 	C:\Program Files\Java\javafx-sdk-20\bin\api-ms-win-core-processenvironment-l1-1-0.dll
0x000002123bd00000 - 0x000002123bd03000 	C:\Program Files\Java\javafx-sdk-20\bin\api-ms-win-core-processthreads-l1-1-0.dll
0x000002123bd10000 - 0x000002123bd13000 	C:\Program Files\Java\javafx-sdk-20\bin\api-ms-win-core-processthreads-l1-1-1.dll
0x000002123bd20000 - 0x000002123bd23000 	C:\Program Files\Java\javafx-sdk-20\bin\api-ms-win-core-profile-l1-1-0.dll
0x000002123bd30000 - 0x000002123bd33000 	C:\Program Files\Java\javafx-sdk-20\bin\api-ms-win-core-rtlsupport-l1-1-0.dll
0x000002123bd40000 - 0x000002123bd43000 	C:\Program Files\Java\javafx-sdk-20\bin\api-ms-win-core-string-l1-1-0.dll
0x000002123bd50000 - 0x000002123bd53000 	C:\Program Files\Java\javafx-sdk-20\bin\api-ms-win-core-synch-l1-1-0.dll
0x000002123bd60000 - 0x000002123bd63000 	C:\Program Files\Java\javafx-sdk-20\bin\api-ms-win-core-synch-l1-2-0.dll
0x000002123bd70000 - 0x000002123bd73000 	C:\Program Files\Java\javafx-sdk-20\bin\api-ms-win-core-sysinfo-l1-1-0.dll
0x000002123bd80000 - 0x000002123bd83000 	C:\Program Files\Java\javafx-sdk-20\bin\api-ms-win-core-timezone-l1-1-0.dll
0x000002123bd90000 - 0x000002123bd93000 	C:\Program Files\Java\javafx-sdk-20\bin\api-ms-win-core-util-l1-1-0.dll
0x000002123bda0000 - 0x000002123bda3000 	C:\Program Files\Java\javafx-sdk-20\bin\api-ms-win-crt-conio-l1-1-0.dll
0x000002123bdb0000 - 0x000002123bdb4000 	C:\Program Files\Java\javafx-sdk-20\bin\api-ms-win-crt-convert-l1-1-0.dll
0x000002123bdc0000 - 0x000002123bdc3000 	C:\Program Files\Java\javafx-sdk-20\bin\api-ms-win-crt-environment-l1-1-0.dll
0x000002123bdd0000 - 0x000002123bdd3000 	C:\Program Files\Java\javafx-sdk-20\bin\api-ms-win-crt-filesystem-l1-1-0.dll
0x000002123bde0000 - 0x000002123bde3000 	C:\Program Files\Java\javafx-sdk-20\bin\api-ms-win-crt-heap-l1-1-0.dll
0x000002123bdf0000 - 0x000002123bdf3000 	C:\Program Files\Java\javafx-sdk-20\bin\api-ms-win-crt-locale-l1-1-0.dll
0x000002123be00000 - 0x000002123be05000 	C:\Program Files\Java\javafx-sdk-20\bin\api-ms-win-crt-math-l1-1-0.dll
0x000002123be10000 - 0x000002123be15000 	C:\Program Files\Java\javafx-sdk-20\bin\api-ms-win-crt-multibyte-l1-1-0.dll
0x000002123be20000 - 0x000002123be30000 	C:\Program Files\Java\javafx-sdk-20\bin\api-ms-win-crt-private-l1-1-0.dll
0x000002123be30000 - 0x000002123be33000 	C:\Program Files\Java\javafx-sdk-20\bin\api-ms-win-crt-process-l1-1-0.dll
0x000002123be40000 - 0x000002123be44000 	C:\Program Files\Java\javafx-sdk-20\bin\api-ms-win-crt-runtime-l1-1-0.dll
0x000002123be50000 - 0x000002123be54000 	C:\Program Files\Java\javafx-sdk-20\bin\api-ms-win-crt-stdio-l1-1-0.dll
0x000002123be60000 - 0x000002123be64000 	C:\Program Files\Java\javafx-sdk-20\bin\api-ms-win-crt-string-l1-1-0.dll
0x000002123be70000 - 0x000002123be73000 	C:\Program Files\Java\javafx-sdk-20\bin\api-ms-win-crt-time-l1-1-0.dll
0x000002123be80000 - 0x000002123be83000 	C:\Program Files\Java\javafx-sdk-20\bin\api-ms-win-crt-utility-l1-1-0.dll
0x00007ffc7ef80000 - 0x00007ffc7f07c000 	C:\Program Files\Java\javafx-sdk-20\bin\ucrtbase.dll
0x00007ffccc8a0000 - 0x00007ffccc8bb000 	C:\Program Files\Java\javafx-sdk-20\bin\vcruntime140.dll
0x00007ffccc890000 - 0x00007ffccc89c000 	C:\Program Files\Java\javafx-sdk-20\bin\vcruntime140_1.dll
0x00007ffca8020000 - 0x00007ffca80ae000 	C:\Program Files\Java\javafx-sdk-20\bin\msvcp140.dll
0x00007ffccc880000 - 0x00007ffccc889000 	C:\Program Files\Java\javafx-sdk-20\bin\msvcp140_1.dll
0x00007ffcb3990000 - 0x00007ffcb39c0000 	C:\Program Files\Java\javafx-sdk-20\bin\msvcp140_2.dll
0x00007ffcb3830000 - 0x00007ffcb385f000 	C:\Program Files\Java\javafx-sdk-20\bin\prism_d3d.dll
0x00007ffcacf50000 - 0x00007ffcad11e000 	C:\Windows\system32\d3d9.dll
0x00007ffce7710000 - 0x00007ffce773f000 	C:\Windows\SYSTEM32\dwmapi.dll
0x00007ffce7420000 - 0x00007ffce74be000 	C:\Windows\system32\uxtheme.dll
0x00007ffcc1eb0000 - 0x00007ffcc1fc7000 	C:\Windows\System32\DriverStore\FileRepository\nvmdi.inf_amd64_c34732273f7dc48f\nvldumdx.dll
0x00007ffce9600000 - 0x00007ffce9612000 	C:\Windows\SYSTEM32\msasn1.dll
0x00007ffce3d30000 - 0x00007ffce3d61000 	C:\Windows\SYSTEM32\cryptnet.dll
0x00007ffcea040000 - 0x00007ffcea196000 	C:\Windows\System32\CRYPT32.dll
0x00007ffce3a70000 - 0x00007ffce3bb8000 	C:\Windows\SYSTEM32\drvstore.dll
0x00007ffce97c0000 - 0x00007ffce97ec000 	C:\Windows\SYSTEM32\devobj.dll
0x00007ffce9aa0000 - 0x00007ffce9aee000 	C:\Windows\System32\cfgmgr32.dll
0x00007ffce93e0000 - 0x00007ffce93ec000 	C:\Windows\SYSTEM32\cryptbase.dll
0x00007ffcea250000 - 0x00007ffcea2b9000 	C:\Windows\System32\WINTRUST.DLL
0x00007ffcea400000 - 0x00007ffcea41d000 	C:\Windows\System32\imagehlp.dll
0x00007ffce93c0000 - 0x00007ffce93d8000 	C:\Windows\SYSTEM32\CRYPTSP.dll
0x00007ffce8a80000 - 0x00007ffce8ab4000 	C:\Windows\system32\rsaenh.dll
0x00007ffce9dd0000 - 0x00007ffce9df7000 	C:\Windows\System32\bcrypt.dll
0x00007ffc2c9a0000 - 0x00007ffc2eed0000 	C:\Windows\System32\DriverStore\FileRepository\nvmdi.inf_amd64_c34732273f7dc48f\nvd3dumx.dll
0x00007ffca7b60000 - 0x00007ffca7ba2000 	C:\Program Files\Java\javafx-sdk-20\bin\glass.dll
0x00007ffcea480000 - 0x00007ffcea55a000 	C:\Windows\System32\COMDLG32.dll
0x00007ffcec1a0000 - 0x00007ffcec2ca000 	C:\Windows\System32\ole32.dll
0x00007ffcea9f0000 - 0x00007ffceaabd000 	C:\Windows\System32\OLEAUT32.dll
0x00007ffceb640000 - 0x00007ffceb754000 	C:\Windows\System32\MSCTF.dll
0x00007ffc71c50000 - 0x00007ffc71f1e000 	C:\Windows\system32\nvspcap64.dll
0x00007ffce8ba0000 - 0x00007ffce8bd3000 	C:\Windows\SYSTEM32\ntmarta.dll
0x00007ffce82a0000 - 0x00007ffce82c3000 	C:\Windows\SYSTEM32\gpapi.dll
0x00007ffcc1e40000 - 0x00007ffcc1e7b000 	C:\Windows\SYSTEM32\dxcore.dll
0x00007ffcbb6d0000 - 0x00007ffcbb6e4000 	C:\Program Files\Java\javafx-sdk-20\bin\javafx_font.dll
0x00007ffcbe140000 - 0x00007ffcbe3bf000 	C:\Windows\SYSTEM32\dwrite.dll
0x00007ffcea560000 - 0x00007ffcea609000 	C:\Windows\System32\clbcatq.dll
0x00007ffcc51c0000 - 0x00007ffcc5374000 	C:\Windows\SYSTEM32\WindowsCodecs.dll
0x00007ffc9fef0000 - 0x00007ffc9ff2e000 	C:\Windows\system32\dataexchange.dll
0x00007ffce5f30000 - 0x00007ffce6193000 	C:\Windows\system32\d3d11.dll
0x00007ffce67b0000 - 0x00007ffce6993000 	C:\Windows\system32\dcomp.dll
0x00007ffce82d0000 - 0x00007ffce83c3000 	C:\Windows\system32\dxgi.dll
0x00007ffce4ee0000 - 0x00007ffce50e0000 	C:\Windows\system32\twinapi.appcore.dll

dbghelp: loaded successfully - version: 4.0.5 - missing functions: none
symbol engine: initialized successfully - sym options: 0x614 - pdb path: .;C:\Users\Daniel\.p2\pool\plugins\org.eclipse.justj.openjdk.hotspot.jre.full.win32.x86_64_18.0.1.v20220515-1614\jre\bin;C:\Windows\SYSTEM32;C:\Windows\WinSxS\amd64_microsoft.windows.common-controls_6595b64144ccf1df_6.0.19041.1110_none_60b5254171f9507e;C:\Users\Daniel\.p2\pool\plugins\org.eclipse.justj.openjdk.hotspot.jre.full.win32.x86_64_18.0.1.v20220515-1614\jre\bin\server;C:\Program Files\Java\javafx-sdk-20\bin;C:\Windows\System32\DriverStore\FileRepository\nvmdi.inf_amd64_c34732273f7dc48f;C:\Program Files\Common Files\Microsoft Shared\Ink;C:\Program Files\Bonjour

VM Arguments:
jvm_args: --module-path=C:\Program Files\Java\javafx-sdk-20/lib --add-modules=javafx.controls,javafx.fxml -Dfile.encoding=UTF-8 -XX:+ShowCodeDetailsInExceptionMessages 
java_command: com.algomau.ca.Client
java_class_path (initial): C:\Users\Daniel\Documents\GitHub\lan-office-messaging-system\client\target\test-classes;C:\Users\Daniel\Documents\GitHub\lan-office-messaging-system\client\target\classes;C:\Program Files\Java\javafx-sdk-20\lib\javafx.base.jar;C:\Program Files\Java\javafx-sdk-20\lib\javafx.controls.jar;C:\Program Files\Java\javafx-sdk-20\lib\javafx.fxml.jar;C:\Program Files\Java\javafx-sdk-20\lib\javafx.graphics.jar;C:\Program Files\Java\javafx-sdk-20\lib\javafx.media.jar;C:\Program Files\Java\javafx-sdk-20\lib\javafx.swing.jar;C:\Program Files\Java\javafx-sdk-20\lib\javafx.web.jar;C:\Program Files\Java\javafx-sdk-20\lib\javafx-swt.jar;C:\Users\Daniel\.m2\repository\junit\junit\4.11\junit-4.11.jar;C:\Users\Daniel\.m2\repository\org\hamcrest\hamcrest-core\1.3\hamcrest-core-1.3.jar;C:\Users\Daniel\.m2\repository\org\xerial\sqlite-jdbc\3.32.3.2\sqlite-jdbc-3.32.3.2.jar
Launcher Type: SUN_STANDARD

[Global flags]
     intx CICompilerCount                          = 4                                         {product} {ergonomic}
     uint ConcGCThreads                            = 3                                         {product} {ergonomic}
     uint G1ConcRefinementThreads                  = 10                                        {product} {ergonomic}
   size_t G1HeapRegionSize                         = 2097152                                   {product} {ergonomic}
    uintx GCDrainStackTargetSize                   = 64                                        {product} {ergonomic}
   size_t InitialHeapSize                          = 268435456                                 {product} {ergonomic}
   size_t MarkStackSize                            = 4194304                                   {product} {ergonomic}
   size_t MaxHeapSize                              = 4276092928                                {product} {ergonomic}
   size_t MaxNewSize                               = 2564816896                                {product} {ergonomic}
   size_t MinHeapDeltaBytes                        = 2097152                                   {product} {ergonomic}
   size_t MinHeapSize                              = 8388608                                   {product} {ergonomic}
    uintx NonNMethodCodeHeapSize                   = 5839372                                {pd product} {ergonomic}
    uintx NonProfiledCodeHeapSize                  = 122909434                              {pd product} {ergonomic}
    uintx ProfiledCodeHeapSize                     = 122909434                              {pd product} {ergonomic}
    uintx ReservedCodeCacheSize                    = 251658240                              {pd product} {ergonomic}
     bool SegmentedCodeCache                       = true                                      {product} {ergonomic}
     bool ShowCodeDetailsInExceptionMessages       = true                                   {manageable} {command line}
   size_t SoftMaxHeapSize                          = 4276092928                             {manageable} {ergonomic}
     bool UseCompressedClassPointers               = true                           {product lp64_product} {ergonomic}
     bool UseCompressedOops                        = true                           {product lp64_product} {ergonomic}
     bool UseG1GC                                  = true                                      {product} {ergonomic}
     bool UseLargePagesIndividualAllocation        = false                                  {pd product} {ergonomic}

Logging:
Log output configuration:
 #0: stdout all=warning uptime,level,tags foldmultilines=false
 #1: stderr all=off uptime,level,tags foldmultilines=false

Environment Variables:
JAVA_HOME=C:\Program Files\Java\jdk17"
PATH=C:/Users/Daniel/.p2/pool/plugins/org.eclipse.justj.openjdk.hotspot.jre.full.win32.x86_64_18.0.1.v20220515-1614/jre/bin/server;C:/Users/Daniel/.p2/pool/plugins/org.eclipse.justj.openjdk.hotspot.jre.full.win32.x86_64_18.0.1.v20220515-1614/jre/bin;C:\Program Files\Common Files\Oracle\Java\javapath;C:\Program Files\Eclipse Adoptium\jdk-17.0.6.10-hotspot\bin;C:\app\Daniel\product\21c\dbhomeXE\bin;C:\Program Files\PlasticSCM5\server;C:\Program Files\PlasticSCM5\client;C:\Program Files\Oculus\Support\oculus-runtime;C:\Windows\system32;C:\Windows;C:\Windows\System32\Wbem;C:\Windows\System32\WindowsPowerShell\v1.0\;C:\Windows\System32\OpenSSH\;C:\Program Files\NVIDIA Corporation\NVIDIA NvDLISR;C:\Program Files\Git\cmd;C:\Program Files\nodejs\;C:\Users\Daniel\AppData\Local\Programs\Python\Python310;C:\Users\Daniel\AppData\Local\Programs\Python\Python310\Scripts;;C:\Program Files (x86)\NVIDIA Corporation\PhysX\Common;C:\Program Files\dotnet\;C:\Program Files\PuTTY\;C:\Program Files (x86)\Microsoft SQL Server\150\DTS\Binn\;C:\Program Files\Azure Data Studio\bin;C:\Program Files\RedHat\java-17-openjdk-17.0.6.0.10-1.jre\bin;C:\Program Files\RedHat\java-17-openjdk-17.0.6.0.10-1\bin;C:\Users\Daniel\AppData\Local\Programs\Python\Python310\Scripts\;C:\Users\Daniel\AppData\Local\Programs\Python\Python310\;C:\Users\Daniel\AppData\Local\Microsoft\WindowsApps;C:\Users\Daniel\AppData\Local\GitHubDesktop\bin;C:\Users\Daniel\AppData\Local\Programs\Microsoft VS Code\bin;C:\Users\Daniel\AppData\Roaming\npm;C:\Users\Daniel\.dotnet\tools;C:\Program Files\Azure Data Studio\bin;C:\Program Files\Inkscape\bin;C:\Windows\system32;
USERNAME=Daniel
OS=Windows_NT
PROCESSOR_IDENTIFIER=AMD64 Family 25 Model 33 Stepping 2, AuthenticAMD



---------------  S Y S T E M  ---------------

OS:
 Windows 10 , 64 bit Build 19041 (10.0.19041.2546)
OS uptime: 15 days 15:30 hours

CPU: total 12 (initial active 12) (12 cores per cpu, 2 threads per core) family 25 model 33 stepping 2 microcode 0x0, cx8, cmov, fxsr, ht, mmx, 3dnowpref, sse, sse2, sse3, ssse3, sse4a, sse4.1, sse4.2, popcnt, lzcnt, tsc, tscinvbit, avx, avx2, aes, erms, clmul, bmi1, bmi2, adx, sha, fma, vzeroupper, clflush, clflushopt

Memory: 4k page, system-wide physical 16310M (2237M free)
TotalPageFile size 65462M (AvailPageFile size 94M)
current process WorkingSet (physical memory assigned to process): 119M, peak: 185M
current process commit charge ("private bytes"): 261M, peak: 423M

vm_info: OpenJDK 64-Bit Server VM (18.0.1+10) for windows-amd64 JRE (18.0.1+10), built on Apr 20 2022 05:04:48 by "" with MS VC++ 16.7 (VS2019)

END.
